16:18:34.632 [main] INFO  - ---- TestCase_13_LoanAmtCalculator_ValidatingEMITextBoxAndSlider Started ----
16:18:34.728 [main] INFO  - ---- TestCase_13_LoanAmtCalculator_ValidatingEMITextBoxAndSlider Ended ----
16:18:34.912 [main] INFO  - ---- TestCase_14_LoanAmtCalculator_ValidatingInterestRateTextBoxAndSlider Started ----
16:18:35.030 [main] INFO  - ---- TestCase_14_LoanAmtCalculator_ValidatingInterestRateTextBoxAndSlider Ended ----
16:18:35.255 [main] INFO  - ---- TestCase_15_LoanAmtCalculator_ScaleChangeForInterestRateTextBoxAndSlider Started ----
16:18:36.140 [main] INFO  - ---- TestCase_15_LoanAmtCalculator_ScaleChangeForInterestRateTextBoxAndSlider Ended ----
16:18:36.329 [main] INFO  - ---- TestCase_16_LoanAmtCalculator_ValidatingLoanTenureTextBoxAndSlider Started ----
16:18:36.404 [main] INFO  - ---- TestCase_16_LoanAmtCalculator_ValidatingLoanTenureTextBoxAndSlider Ended ----
16:18:36.570 [main] INFO  - ---- TestCase_17_LoanAmtCalculator_ScaleChangeForLoanTenureTextBoxAndSlider Started ----
16:18:37.453 [main] INFO  - ---- TestCase_17_LoanAmtCalculator_ScaleChangeForLoanTenureTextBoxAndSlider Ended ----
16:18:37.616 [main] INFO  - ---- TestCase_18_LoanAmtCalculator_ValidatingFeesAndChargesTextBoxAndSlider Started ----
16:18:37.688 [main] INFO  - ---- TestCase_18_LoanAmtCalculator_ValidatingFeesAndChargesTextBoxAndSlider Ended ----
16:18:37.818 [main] INFO  - ---- TestCase_19_LoanAmtCalculator_ValidationForYearAndMonthOption Started ----
16:18:37.871 [main] INFO  - ---- TestCase_19_LoanAmtCalculator_ValidationForYearAndMonthOption Ended ----
16:18:38.006 [main] INFO  - ---- TestCase_20_LoanAmtCalculator_ScaleChangeForFeesAndChargesTextBoxAndSlider Started ----
16:18:39.039 [main] INFO  - ---- TestCase_20_LoanAmtCalculator_ScaleChangeForFeesAndChargesTextBoxAndSlider Ended ----
16:19:34.668 [main] INFO  - ---- TestCase_01_EnteringRequiredValuesInHomePage Started ----
16:19:36.746 [main] INFO  - ---- TestCase_01_EnteringRequiredValuesInHomePage Ended ----
16:19:36.896 [main] INFO  - ---- TestCase_02_DisplayingTheEMIPaymentTable Started ----
16:19:38.853 [main] INFO  - ---- TestCase_02_DisplayingTheEMIPaymentTable Ended ----
16:19:45.812 [main] INFO  - ---- TestCase_03_StoringTheYearTableInExcel Started ----
16:19:50.605 [main] INFO  - ---- TestCase_03_StoringTheYearTableInExcel Ended ----
16:19:57.620 [main] INFO  - -----TestCase_04_EMICalculator_ValidatingLoanAmountTextBoxAndSlider  started.------
16:19:57.726 [main] INFO  - TestCase_04_EMICalculator_ValidatingLoanAmountTextBoxAndSlider ended.
16:19:57.890 [main] INFO  - TestCase_05_EMICalculator_ScaleChangeForLoanAmountTextBoxAndSlider started.
16:19:58.799 [main] INFO  - TestCase_05_EMICalculator_ScaleChangeForLoanAmountTextBoxAndSlider started.
16:19:58.943 [main] INFO  - TestCase_06_EMICalculator_ValidatingInterestRateTextBoxAndSlider started.
16:19:59.010 [main] INFO  - TestCase_06_EMICalculator_ValidatingInterestRateTextBoxAndSlider ended.
16:19:59.171 [main] INFO  - TestCase_07_EMICalculator_ScaleChangeForInterestRateTextBoxAndSlider started
16:20:00.036 [main] INFO  - TestCase_07_EMICalculator_ScaleChangeForInterestRateTextBoxAndSlider ended
16:20:00.207 [main] INFO  - TestCase_08_EMICalculator_ValidatingLoanTenureTextBoxAndSlider started.
16:20:00.296 [main] INFO  - TestCase_08_EMICalculator_ValidatingLoanTenureTextBoxAndSlider ended.
16:20:00.449 [main] INFO  - TestCase_09_EMICalculator_ScaleChangeForLoanTenureTextBoxAndSlider started
16:20:01.283 [main] INFO  - TestCase_09_EMICalculator_ScaleChangeForLoanTenureTextBoxAndSlider ended
16:20:01.409 [main] INFO  - TestCase_10_EMICalculator_ValidatingFeesAndChargesTextBoxAndSlider started.
16:20:01.468 [main] INFO  - TestCase_10_EMICalculator_ValidatingFeesAndChargesTextBoxAndSlider ended.
16:20:01.614 [main] INFO  - TestCase_11_EMICalculator_ScaleChangeForFeesAndChargesTextBoxAndSlider started
16:20:02.450 [main] INFO  - TestCase_11_EMICalculator_ScaleChangeForFeesAndChargesTextBoxAndSlider ended
16:20:02.580 [main] INFO  - TestCase_12_EMICalculator_ValidationForYearAndMonthOption started.
16:20:02.660 [main] INFO  - TestCase_12_EMICalculator_ValidationForYearAndMonthOption ended.
16:20:10.301 [main] INFO  - ---- TestCase_13_LoanAmtCalculator_ValidatingEMITextBoxAndSlider Started ----
16:20:10.366 [main] INFO  - ---- TestCase_13_LoanAmtCalculator_ValidatingEMITextBoxAndSlider Ended ----
16:20:10.521 [main] INFO  - ---- TestCase_14_LoanAmtCalculator_ValidatingInterestRateTextBoxAndSlider Started ----
16:20:10.584 [main] INFO  - ---- TestCase_14_LoanAmtCalculator_ValidatingInterestRateTextBoxAndSlider Ended ----
16:20:10.733 [main] INFO  - ---- TestCase_15_LoanAmtCalculator_ScaleChangeForInterestRateTextBoxAndSlider Started ----
16:20:11.586 [main] INFO  - ---- TestCase_15_LoanAmtCalculator_ScaleChangeForInterestRateTextBoxAndSlider Ended ----
16:20:11.749 [main] INFO  - ---- TestCase_16_LoanAmtCalculator_ValidatingLoanTenureTextBoxAndSlider Started ----
16:20:11.813 [main] INFO  - ---- TestCase_16_LoanAmtCalculator_ValidatingLoanTenureTextBoxAndSlider Ended ----
16:20:11.966 [main] INFO  - ---- TestCase_17_LoanAmtCalculator_ScaleChangeForLoanTenureTextBoxAndSlider Started ----
16:20:12.825 [main] INFO  - ---- TestCase_17_LoanAmtCalculator_ScaleChangeForLoanTenureTextBoxAndSlider Ended ----
16:20:13.013 [main] INFO  - ---- TestCase_18_LoanAmtCalculator_ValidatingFeesAndChargesTextBoxAndSlider Started ----
16:20:13.096 [main] INFO  - ---- TestCase_18_LoanAmtCalculator_ValidatingFeesAndChargesTextBoxAndSlider Ended ----
16:20:13.234 [main] INFO  - ---- TestCase_19_LoanAmtCalculator_ValidationForYearAndMonthOption Started ----
16:20:13.283 [main] INFO  - ---- TestCase_19_LoanAmtCalculator_ValidationForYearAndMonthOption Ended ----
16:20:13.434 [main] INFO  - ---- TestCase_20_LoanAmtCalculator_ScaleChangeForFeesAndChargesTextBoxAndSlider Started ----
16:20:14.521 [main] INFO  - ---- TestCase_20_LoanAmtCalculator_ScaleChangeForFeesAndChargesTextBoxAndSlider Ended ----
16:20:22.231 [main] INFO  - ---- TestCase_21_LoanTenureCalculator_ValidatingLoanAmountTextBoxAndSlider Started ----
16:20:22.294 [main] INFO  - ---- TestCase_21_LoanTenureCalculator_ValidatingLoanAmountTextBoxAndSlider Ended ----
16:20:22.457 [main] INFO  - ---- TestCase_22_LoanTenureCalculator_ScaleChangeForLoanAmountTextBoxAndSlider Started ----
16:20:23.307 [main] INFO  - ---- TestCase_22_LoanTenureCalculator_ScaleChangeForLoanAmountTextBoxAndSlider Ended ----
16:20:23.512 [main] INFO  - ---- TestCase_23_LoanTenureCalculator_ValidatingEMITextBoxAndSlider Started ----
16:20:23.581 [main] INFO  - ---- TestCase_23_LoanTenureCalculator_ValidatingEMITextBoxAndSlider Ended ----
16:20:23.737 [main] INFO  - ---- TestCase_24_LoanTenureCalculator_ValidatingInterestRateTextBoxAndSlider Started ----
16:20:23.799 [main] INFO  - ---- TestCase_24_LoanTenureCalculator_ValidatingInterestRateTextBoxAndSlider Ended ----
16:20:23.952 [main] INFO  - ---- TestCase_25_LoanTenureCalculator_ScaleChangeForInterestRateTextBoxAndSlider Started ----
16:20:24.875 [main] INFO  - ---- TestCase_25_LoanTenureCalculator_ScaleChangeForInterestRateTextBoxAndSlider Ended ----
16:20:25.021 [main] INFO  - ---- TestCase_26_LoanTenureCalculator_ValidatingFeesAndChargesTextBoxAndSlider Started ----
16:20:25.091 [main] INFO  - ---- TestCase_26_LoanTenureCalculator_ValidatingFeesAndChargesTextBoxAndSlider Ended ----
16:20:25.230 [main] INFO  - ---- TestCase_27_LoanTenureCalculator_ScaleChangeForFeesAndChargesTextBoxAndSlider Started ----
16:20:26.095 [main] INFO  - ---- TestCase_27_LoanTenureCalculator_ScaleChangeForFeesAndChargesTextBoxAndSlider Ended ----
16:28:57.528 [main] INFO  - ---- TestCase_01_EnteringRequiredValuesInHomePage Started ----
16:28:59.183 [main] INFO  - ---- TestCase_01_EnteringRequiredValuesInHomePage Ended ----
16:28:59.350 [main] INFO  - ---- TestCase_02_DisplayingTheEMIPaymentTable Started ----
16:29:00.878 [main] INFO  - ---- TestCase_02_DisplayingTheEMIPaymentTable Ended ----
16:29:07.634 [main] INFO  - ---- TestCase_03_StoringTheYearTableInExcel Started ----
16:29:12.314 [main] INFO  - ---- TestCase_03_StoringTheYearTableInExcel Ended ----
16:29:20.990 [main] INFO  - -----TestCase_04_EMICalculator_ValidatingLoanAmountTextBoxAndSlider  started.------
16:29:21.098 [main] INFO  - TestCase_04_EMICalculator_ValidatingLoanAmountTextBoxAndSlider ended.
16:29:21.248 [main] INFO  - TestCase_05_EMICalculator_ScaleChangeForLoanAmountTextBoxAndSlider started.
16:29:22.178 [main] INFO  - TestCase_05_EMICalculator_ScaleChangeForLoanAmountTextBoxAndSlider started.
16:29:22.329 [main] INFO  - TestCase_06_EMICalculator_ValidatingInterestRateTextBoxAndSlider started.
16:29:22.389 [main] INFO  - TestCase_06_EMICalculator_ValidatingInterestRateTextBoxAndSlider ended.
16:29:22.551 [main] INFO  - TestCase_07_EMICalculator_ScaleChangeForInterestRateTextBoxAndSlider started
16:29:23.412 [main] INFO  - TestCase_07_EMICalculator_ScaleChangeForInterestRateTextBoxAndSlider ended
16:29:23.589 [main] INFO  - TestCase_08_EMICalculator_ValidatingLoanTenureTextBoxAndSlider started.
16:29:23.705 [main] INFO  - TestCase_08_EMICalculator_ValidatingLoanTenureTextBoxAndSlider ended.
16:29:23.869 [main] INFO  - TestCase_09_EMICalculator_ScaleChangeForLoanTenureTextBoxAndSlider started
16:29:24.714 [main] INFO  - TestCase_09_EMICalculator_ScaleChangeForLoanTenureTextBoxAndSlider ended
16:29:24.840 [main] INFO  - TestCase_10_EMICalculator_ValidatingFeesAndChargesTextBoxAndSlider started.
16:29:24.903 [main] INFO  - TestCase_10_EMICalculator_ValidatingFeesAndChargesTextBoxAndSlider ended.
16:29:25.027 [main] INFO  - TestCase_11_EMICalculator_ScaleChangeForFeesAndChargesTextBoxAndSlider started
16:29:25.879 [main] INFO  - TestCase_11_EMICalculator_ScaleChangeForFeesAndChargesTextBoxAndSlider ended
16:29:26.016 [main] INFO  - TestCase_12_EMICalculator_ValidationForYearAndMonthOption started.
16:29:26.089 [main] INFO  - TestCase_12_EMICalculator_ValidationForYearAndMonthOption ended.
16:29:34.759 [main] INFO  - ---- TestCase_13_LoanAmtCalculator_ValidatingEMITextBoxAndSlider Started ----
16:29:34.823 [main] INFO  - ---- TestCase_13_LoanAmtCalculator_ValidatingEMITextBoxAndSlider Ended ----
16:29:34.983 [main] INFO  - ---- TestCase_14_LoanAmtCalculator_ValidatingInterestRateTextBoxAndSlider Started ----
16:29:35.037 [main] INFO  - ---- TestCase_14_LoanAmtCalculator_ValidatingInterestRateTextBoxAndSlider Ended ----
16:29:35.205 [main] INFO  - ---- TestCase_15_LoanAmtCalculator_ScaleChangeForInterestRateTextBoxAndSlider Started ----
16:29:36.047 [main] INFO  - ---- TestCase_15_LoanAmtCalculator_ScaleChangeForInterestRateTextBoxAndSlider Ended ----
16:29:36.217 [main] INFO  - ---- TestCase_16_LoanAmtCalculator_ValidatingLoanTenureTextBoxAndSlider Started ----
16:29:36.273 [main] INFO  - ---- TestCase_16_LoanAmtCalculator_ValidatingLoanTenureTextBoxAndSlider Ended ----
16:29:36.425 [main] INFO  - ---- TestCase_17_LoanAmtCalculator_ScaleChangeForLoanTenureTextBoxAndSlider Started ----
16:29:37.286 [main] INFO  - ---- TestCase_17_LoanAmtCalculator_ScaleChangeForLoanTenureTextBoxAndSlider Ended ----
16:29:37.416 [main] INFO  - ---- TestCase_18_LoanAmtCalculator_ValidatingFeesAndChargesTextBoxAndSlider Started ----
16:29:37.482 [main] INFO  - ---- TestCase_18_LoanAmtCalculator_ValidatingFeesAndChargesTextBoxAndSlider Ended ----
16:29:37.617 [main] INFO  - ---- TestCase_19_LoanAmtCalculator_ValidationForYearAndMonthOption Started ----
16:29:37.661 [main] INFO  - ---- TestCase_19_LoanAmtCalculator_ValidationForYearAndMonthOption Ended ----
16:29:37.808 [main] INFO  - ---- TestCase_20_LoanAmtCalculator_ScaleChangeForFeesAndChargesTextBoxAndSlider Started ----
16:29:38.740 [main] INFO  - ---- TestCase_20_LoanAmtCalculator_ScaleChangeForFeesAndChargesTextBoxAndSlider Ended ----
16:29:46.971 [main] INFO  - ---- TestCase_21_LoanTenureCalculator_ValidatingLoanAmountTextBoxAndSlider Started ----
16:29:47.044 [main] INFO  - ---- TestCase_21_LoanTenureCalculator_ValidatingLoanAmountTextBoxAndSlider Ended ----
16:29:47.205 [main] INFO  - ---- TestCase_22_LoanTenureCalculator_ScaleChangeForLoanAmountTextBoxAndSlider Started ----
16:29:48.042 [main] INFO  - ---- TestCase_22_LoanTenureCalculator_ScaleChangeForLoanAmountTextBoxAndSlider Ended ----
16:29:48.225 [main] INFO  - ---- TestCase_23_LoanTenureCalculator_ValidatingEMITextBoxAndSlider Started ----
16:29:48.287 [main] INFO  - ---- TestCase_23_LoanTenureCalculator_ValidatingEMITextBoxAndSlider Ended ----
16:29:48.441 [main] INFO  - ---- TestCase_24_LoanTenureCalculator_ValidatingInterestRateTextBoxAndSlider Started ----
16:29:48.502 [main] INFO  - ---- TestCase_24_LoanTenureCalculator_ValidatingInterestRateTextBoxAndSlider Ended ----
16:29:48.646 [main] INFO  - ---- TestCase_25_LoanTenureCalculator_ScaleChangeForInterestRateTextBoxAndSlider Started ----
16:29:49.544 [main] INFO  - ---- TestCase_25_LoanTenureCalculator_ScaleChangeForInterestRateTextBoxAndSlider Ended ----
16:29:49.691 [main] INFO  - ---- TestCase_26_LoanTenureCalculator_ValidatingFeesAndChargesTextBoxAndSlider Started ----
16:29:49.771 [main] INFO  - ---- TestCase_26_LoanTenureCalculator_ValidatingFeesAndChargesTextBoxAndSlider Ended ----
16:29:49.907 [main] INFO  - ---- TestCase_27_LoanTenureCalculator_ScaleChangeForFeesAndChargesTextBoxAndSlider Started ----
16:29:50.839 [main] INFO  - ---- TestCase_27_LoanTenureCalculator_ScaleChangeForFeesAndChargesTextBoxAndSlider Ended ----
10:51:56.450 [main] INFO  - ---- TestCase_01_EnteringRequiredValuesInHomePage Started ----
10:51:59.379 [main] INFO  - ---- TestCase_01_EnteringRequiredValuesInHomePage Ended ----
10:51:59.557 [main] INFO  - ---- TestCase_02_DisplayingTheEMIPaymentTable Started ----
10:52:01.871 [main] INFO  - ---- TestCase_02_DisplayingTheEMIPaymentTable Ended ----
10:52:11.679 [main] INFO  - ---- TestCase_03_StoringTheYearTableInExcel Started ----
10:52:19.120 [main] INFO  - ---- TestCase_03_StoringTheYearTableInExcel Ended ----
10:52:30.110 [main] INFO  - -----TestCase_04_EMICalculator_ValidatingLoanAmountTextBoxAndSlider  started.------
10:52:30.264 [main] INFO  - TestCase_04_EMICalculator_ValidatingLoanAmountTextBoxAndSlider ended.
10:52:30.440 [main] INFO  - TestCase_05_EMICalculator_ScaleChangeForLoanAmountTextBoxAndSlider started.
10:52:31.497 [main] INFO  - TestCase_05_EMICalculator_ScaleChangeForLoanAmountTextBoxAndSlider started.
10:52:31.724 [main] INFO  - TestCase_06_EMICalculator_ValidatingInterestRateTextBoxAndSlider started.
10:52:31.882 [main] INFO  - TestCase_06_EMICalculator_ValidatingInterestRateTextBoxAndSlider ended.
10:52:32.134 [main] INFO  - TestCase_07_EMICalculator_ScaleChangeForInterestRateTextBoxAndSlider started
10:52:33.175 [main] INFO  - TestCase_07_EMICalculator_ScaleChangeForInterestRateTextBoxAndSlider ended
10:52:33.393 [main] INFO  - TestCase_08_EMICalculator_ValidatingLoanTenureTextBoxAndSlider started.
10:52:33.662 [main] INFO  - TestCase_08_EMICalculator_ValidatingLoanTenureTextBoxAndSlider ended.
10:52:33.923 [main] INFO  - TestCase_09_EMICalculator_ScaleChangeForLoanTenureTextBoxAndSlider started
10:52:34.972 [main] INFO  - TestCase_09_EMICalculator_ScaleChangeForLoanTenureTextBoxAndSlider ended
10:52:35.137 [main] INFO  - TestCase_10_EMICalculator_ValidatingFeesAndChargesTextBoxAndSlider started.
10:52:35.215 [main] INFO  - TestCase_10_EMICalculator_ValidatingFeesAndChargesTextBoxAndSlider ended.
10:52:35.391 [main] INFO  - TestCase_11_EMICalculator_ScaleChangeForFeesAndChargesTextBoxAndSlider started
10:52:36.379 [main] INFO  - TestCase_11_EMICalculator_ScaleChangeForFeesAndChargesTextBoxAndSlider ended
10:52:36.579 [main] INFO  - TestCase_12_EMICalculator_ValidationForYearAndMonthOption started.
10:52:36.747 [main] INFO  - TestCase_12_EMICalculator_ValidationForYearAndMonthOption ended.
10:52:47.390 [main] INFO  - ---- TestCase_13_LoanAmtCalculator_ValidatingEMITextBoxAndSlider Started ----
10:52:47.483 [main] INFO  - ---- TestCase_13_LoanAmtCalculator_ValidatingEMITextBoxAndSlider Ended ----
10:52:47.673 [main] INFO  - ---- TestCase_14_LoanAmtCalculator_ValidatingInterestRateTextBoxAndSlider Started ----
10:52:47.776 [main] INFO  - ---- TestCase_14_LoanAmtCalculator_ValidatingInterestRateTextBoxAndSlider Ended ----
10:52:47.945 [main] INFO  - ---- TestCase_15_LoanAmtCalculator_ScaleChangeForInterestRateTextBoxAndSlider Started ----
10:52:48.934 [main] INFO  - ---- TestCase_15_LoanAmtCalculator_ScaleChangeForInterestRateTextBoxAndSlider Ended ----
10:52:49.137 [main] INFO  - ---- TestCase_16_LoanAmtCalculator_ValidatingLoanTenureTextBoxAndSlider Started ----
10:52:49.238 [main] INFO  - ---- TestCase_16_LoanAmtCalculator_ValidatingLoanTenureTextBoxAndSlider Ended ----
10:52:49.444 [main] INFO  - ---- TestCase_17_LoanAmtCalculator_ScaleChangeForLoanTenureTextBoxAndSlider Started ----
10:52:50.464 [main] INFO  - ---- TestCase_17_LoanAmtCalculator_ScaleChangeForLoanTenureTextBoxAndSlider Ended ----
10:52:50.646 [main] INFO  - ---- TestCase_18_LoanAmtCalculator_ValidatingFeesAndChargesTextBoxAndSlider Started ----
10:52:50.720 [main] INFO  - ---- TestCase_18_LoanAmtCalculator_ValidatingFeesAndChargesTextBoxAndSlider Ended ----
10:52:50.881 [main] INFO  - ---- TestCase_19_LoanAmtCalculator_ValidationForYearAndMonthOption Started ----
10:52:50.964 [main] INFO  - ---- TestCase_19_LoanAmtCalculator_ValidationForYearAndMonthOption Ended ----
10:52:51.149 [main] INFO  - ---- TestCase_20_LoanAmtCalculator_ScaleChangeForFeesAndChargesTextBoxAndSlider Started ----
10:52:52.313 [main] INFO  - ---- TestCase_20_LoanAmtCalculator_ScaleChangeForFeesAndChargesTextBoxAndSlider Ended ----
12:41:00.374 [main] INFO  - ---- TestCase_01_EnteringRequiredValuesInHomePage Started ----
12:41:06.459 [main] INFO  - ---- TestCase_03_StoringTheYearTableInExcel Started ----
12:41:11.804 [main] INFO  - ---- TestCase_03_StoringTheYearTableInExcel Ended ----
12:41:22.081 [main] INFO  - -----TestCase_04_EMICalculator_ValidatingLoanAmountTextBoxAndSlider  started.------
12:41:22.195 [main] INFO  - TestCase_04_EMICalculator_ValidatingLoanAmountTextBoxAndSlider ended.
12:41:22.363 [main] INFO  - TestCase_05_EMICalculator_ScaleChangeForLoanAmountTextBoxAndSlider started.
12:41:23.268 [main] INFO  - TestCase_05_EMICalculator_ScaleChangeForLoanAmountTextBoxAndSlider started.
12:41:23.418 [main] INFO  - TestCase_06_EMICalculator_ValidatingInterestRateTextBoxAndSlider started.
12:41:23.476 [main] INFO  - TestCase_06_EMICalculator_ValidatingInterestRateTextBoxAndSlider ended.
12:41:23.623 [main] INFO  - TestCase_07_EMICalculator_ScaleChangeForInterestRateTextBoxAndSlider started
12:41:24.463 [main] INFO  - TestCase_07_EMICalculator_ScaleChangeForInterestRateTextBoxAndSlider ended
12:41:24.630 [main] INFO  - TestCase_08_EMICalculator_ValidatingLoanTenureTextBoxAndSlider started.
12:41:24.737 [main] INFO  - TestCase_08_EMICalculator_ValidatingLoanTenureTextBoxAndSlider ended.
12:41:24.898 [main] INFO  - TestCase_09_EMICalculator_ScaleChangeForLoanTenureTextBoxAndSlider started
12:41:25.768 [main] INFO  - TestCase_09_EMICalculator_ScaleChangeForLoanTenureTextBoxAndSlider ended
12:41:25.924 [main] INFO  - TestCase_10_EMICalculator_ValidatingFeesAndChargesTextBoxAndSlider started.
12:41:25.991 [main] INFO  - TestCase_10_EMICalculator_ValidatingFeesAndChargesTextBoxAndSlider ended.
12:41:26.117 [main] INFO  - TestCase_11_EMICalculator_ScaleChangeForFeesAndChargesTextBoxAndSlider started
12:41:26.978 [main] INFO  - TestCase_11_EMICalculator_ScaleChangeForFeesAndChargesTextBoxAndSlider ended
12:41:27.138 [main] INFO  - TestCase_12_EMICalculator_ValidationForYearAndMonthOption started.
12:41:27.222 [main] INFO  - TestCase_12_EMICalculator_ValidationForYearAndMonthOption ended.
12:41:35.593 [main] INFO  - ---- TestCase_13_LoanAmtCalculator_ValidatingEMITextBoxAndSlider Started ----
12:41:35.657 [main] INFO  - ---- TestCase_13_LoanAmtCalculator_ValidatingEMITextBoxAndSlider Ended ----
12:41:35.812 [main] INFO  - ---- TestCase_14_LoanAmtCalculator_ValidatingInterestRateTextBoxAndSlider Started ----
12:41:35.870 [main] INFO  - ---- TestCase_14_LoanAmtCalculator_ValidatingInterestRateTextBoxAndSlider Ended ----
12:41:36.031 [main] INFO  - ---- TestCase_15_LoanAmtCalculator_ScaleChangeForInterestRateTextBoxAndSlider Started ----
12:41:36.938 [main] INFO  - ---- TestCase_15_LoanAmtCalculator_ScaleChangeForInterestRateTextBoxAndSlider Ended ----
12:41:37.099 [main] INFO  - ---- TestCase_16_LoanAmtCalculator_ValidatingLoanTenureTextBoxAndSlider Started ----
12:41:37.166 [main] INFO  - ---- TestCase_16_LoanAmtCalculator_ValidatingLoanTenureTextBoxAndSlider Ended ----
12:41:37.321 [main] INFO  - ---- TestCase_17_LoanAmtCalculator_ScaleChangeForLoanTenureTextBoxAndSlider Started ----
12:41:38.215 [main] INFO  - ---- TestCase_17_LoanAmtCalculator_ScaleChangeForLoanTenureTextBoxAndSlider Ended ----
12:41:38.366 [main] INFO  - ---- TestCase_18_LoanAmtCalculator_ValidatingFeesAndChargesTextBoxAndSlider Started ----
12:41:38.425 [main] INFO  - ---- TestCase_18_LoanAmtCalculator_ValidatingFeesAndChargesTextBoxAndSlider Ended ----
12:41:38.556 [main] INFO  - ---- TestCase_19_LoanAmtCalculator_ValidationForYearAndMonthOption Started ----
12:41:38.602 [main] INFO  - ---- TestCase_19_LoanAmtCalculator_ValidationForYearAndMonthOption Ended ----
12:41:38.750 [main] INFO  - ---- TestCase_20_LoanAmtCalculator_ScaleChangeForFeesAndChargesTextBoxAndSlider Started ----
12:41:39.691 [main] INFO  - ---- TestCase_20_LoanAmtCalculator_ScaleChangeForFeesAndChargesTextBoxAndSlider Ended ----
12:41:47.551 [main] INFO  - ---- TestCase_21_LoanTenureCalculator_ValidatingLoanAmountTextBoxAndSlider Started ----
12:41:47.612 [main] INFO  - ---- TestCase_21_LoanTenureCalculator_ValidatingLoanAmountTextBoxAndSlider Ended ----
12:41:47.772 [main] INFO  - ---- TestCase_22_LoanTenureCalculator_ScaleChangeForLoanAmountTextBoxAndSlider Started ----
12:41:48.651 [main] INFO  - ---- TestCase_22_LoanTenureCalculator_ScaleChangeForLoanAmountTextBoxAndSlider Ended ----
12:41:48.828 [main] INFO  - ---- TestCase_23_LoanTenureCalculator_ValidatingEMITextBoxAndSlider Started ----
12:41:48.889 [main] INFO  - ---- TestCase_23_LoanTenureCalculator_ValidatingEMITextBoxAndSlider Ended ----
12:41:49.042 [main] INFO  - ---- TestCase_24_LoanTenureCalculator_ValidatingInterestRateTextBoxAndSlider Started ----
12:41:49.103 [main] INFO  - ---- TestCase_24_LoanTenureCalculator_ValidatingInterestRateTextBoxAndSlider Ended ----
12:41:49.249 [main] INFO  - ---- TestCase_25_LoanTenureCalculator_ScaleChangeForInterestRateTextBoxAndSlider Started ----
12:41:50.129 [main] INFO  - ---- TestCase_25_LoanTenureCalculator_ScaleChangeForInterestRateTextBoxAndSlider Ended ----
12:41:50.285 [main] INFO  - ---- TestCase_26_LoanTenureCalculator_ValidatingFeesAndChargesTextBoxAndSlider Started ----
12:41:50.353 [main] INFO  - ---- TestCase_26_LoanTenureCalculator_ValidatingFeesAndChargesTextBoxAndSlider Ended ----
12:41:50.493 [main] INFO  - ---- TestCase_27_LoanTenureCalculator_ScaleChangeForFeesAndChargesTextBoxAndSlider Started ----
12:41:51.375 [main] INFO  - ---- TestCase_27_LoanTenureCalculator_ScaleChangeForFeesAndChargesTextBoxAndSlider Ended ----
12:43:56.041 [main] INFO  - ---- TestCase_01_EnteringRequiredValuesInHomePage Started ----
12:44:03.574 [main] INFO  - ---- TestCase_03_StoringTheYearTableInExcel Started ----
12:44:10.092 [main] INFO  - ---- TestCase_03_StoringTheYearTableInExcel Ended ----
12:44:16.885 [main] INFO  - -----TestCase_04_EMICalculator_ValidatingLoanAmountTextBoxAndSlider  started.------
12:44:16.998 [main] INFO  - TestCase_04_EMICalculator_ValidatingLoanAmountTextBoxAndSlider ended.
12:44:17.158 [main] INFO  - TestCase_05_EMICalculator_ScaleChangeForLoanAmountTextBoxAndSlider started.
12:44:18.070 [main] INFO  - TestCase_05_EMICalculator_ScaleChangeForLoanAmountTextBoxAndSlider started.
12:44:18.226 [main] INFO  - TestCase_06_EMICalculator_ValidatingInterestRateTextBoxAndSlider started.
12:44:18.287 [main] INFO  - TestCase_06_EMICalculator_ValidatingInterestRateTextBoxAndSlider ended.
12:44:18.446 [main] INFO  - TestCase_07_EMICalculator_ScaleChangeForInterestRateTextBoxAndSlider started
12:44:19.301 [main] INFO  - TestCase_07_EMICalculator_ScaleChangeForInterestRateTextBoxAndSlider ended
12:44:19.452 [main] INFO  - TestCase_08_EMICalculator_ValidatingLoanTenureTextBoxAndSlider started.
12:44:19.554 [main] INFO  - TestCase_08_EMICalculator_ValidatingLoanTenureTextBoxAndSlider ended.
12:44:19.715 [main] INFO  - TestCase_09_EMICalculator_ScaleChangeForLoanTenureTextBoxAndSlider started
12:44:20.558 [main] INFO  - TestCase_09_EMICalculator_ScaleChangeForLoanTenureTextBoxAndSlider ended
12:44:20.700 [main] INFO  - TestCase_10_EMICalculator_ValidatingFeesAndChargesTextBoxAndSlider started.
12:44:20.764 [main] INFO  - TestCase_10_EMICalculator_ValidatingFeesAndChargesTextBoxAndSlider ended.
12:44:20.903 [main] INFO  - TestCase_11_EMICalculator_ScaleChangeForFeesAndChargesTextBoxAndSlider started
12:44:21.737 [main] INFO  - TestCase_11_EMICalculator_ScaleChangeForFeesAndChargesTextBoxAndSlider ended
12:44:21.882 [main] INFO  - TestCase_12_EMICalculator_ValidationForYearAndMonthOption started.
12:44:21.966 [main] INFO  - TestCase_12_EMICalculator_ValidationForYearAndMonthOption ended.
12:44:30.235 [main] INFO  - ---- TestCase_13_LoanAmtCalculator_ValidatingEMITextBoxAndSlider Started ----
12:44:30.330 [main] INFO  - ---- TestCase_13_LoanAmtCalculator_ValidatingEMITextBoxAndSlider Ended ----
12:44:30.519 [main] INFO  - ---- TestCase_14_LoanAmtCalculator_ValidatingInterestRateTextBoxAndSlider Started ----
12:44:30.597 [main] INFO  - ---- TestCase_14_LoanAmtCalculator_ValidatingInterestRateTextBoxAndSlider Ended ----
12:44:30.794 [main] INFO  - ---- TestCase_15_LoanAmtCalculator_ScaleChangeForInterestRateTextBoxAndSlider Started ----
12:44:31.643 [main] INFO  - ---- TestCase_15_LoanAmtCalculator_ScaleChangeForInterestRateTextBoxAndSlider Ended ----
12:44:31.928 [main] INFO  - ---- TestCase_16_LoanAmtCalculator_ValidatingLoanTenureTextBoxAndSlider Started ----
12:44:32.068 [main] INFO  - ---- TestCase_16_LoanAmtCalculator_ValidatingLoanTenureTextBoxAndSlider Ended ----
12:44:32.217 [main] INFO  - ---- TestCase_17_LoanAmtCalculator_ScaleChangeForLoanTenureTextBoxAndSlider Started ----
12:44:33.111 [main] INFO  - ---- TestCase_17_LoanAmtCalculator_ScaleChangeForLoanTenureTextBoxAndSlider Ended ----
12:44:33.283 [main] INFO  - ---- TestCase_18_LoanAmtCalculator_ValidatingFeesAndChargesTextBoxAndSlider Started ----
12:44:33.351 [main] INFO  - ---- TestCase_18_LoanAmtCalculator_ValidatingFeesAndChargesTextBoxAndSlider Ended ----
12:44:33.478 [main] INFO  - ---- TestCase_19_LoanAmtCalculator_ValidationForYearAndMonthOption Started ----
12:44:33.518 [main] INFO  - ---- TestCase_19_LoanAmtCalculator_ValidationForYearAndMonthOption Ended ----
12:44:33.650 [main] INFO  - ---- TestCase_20_LoanAmtCalculator_ScaleChangeForFeesAndChargesTextBoxAndSlider Started ----
12:44:34.661 [main] INFO  - ---- TestCase_20_LoanAmtCalculator_ScaleChangeForFeesAndChargesTextBoxAndSlider Ended ----
12:44:44.851 [main] INFO  - ---- TestCase_21_LoanTenureCalculator_ValidatingLoanAmountTextBoxAndSlider Started ----
12:44:44.937 [main] INFO  - ---- TestCase_21_LoanTenureCalculator_ValidatingLoanAmountTextBoxAndSlider Ended ----
12:44:45.130 [main] INFO  - ---- TestCase_22_LoanTenureCalculator_ScaleChangeForLoanAmountTextBoxAndSlider Started ----
12:44:46.012 [main] INFO  - ---- TestCase_22_LoanTenureCalculator_ScaleChangeForLoanAmountTextBoxAndSlider Ended ----
12:44:46.187 [main] INFO  - ---- TestCase_23_LoanTenureCalculator_ValidatingEMITextBoxAndSlider Started ----
12:44:46.290 [main] INFO  - ---- TestCase_23_LoanTenureCalculator_ValidatingEMITextBoxAndSlider Ended ----
12:44:46.468 [main] INFO  - ---- TestCase_24_LoanTenureCalculator_ValidatingInterestRateTextBoxAndSlider Started ----
12:44:46.536 [main] INFO  - ---- TestCase_24_LoanTenureCalculator_ValidatingInterestRateTextBoxAndSlider Ended ----
12:44:46.729 [main] INFO  - ---- TestCase_25_LoanTenureCalculator_ScaleChangeForInterestRateTextBoxAndSlider Started ----
12:44:47.647 [main] INFO  - ---- TestCase_25_LoanTenureCalculator_ScaleChangeForInterestRateTextBoxAndSlider Ended ----
12:44:47.850 [main] INFO  - ---- TestCase_26_LoanTenureCalculator_ValidatingFeesAndChargesTextBoxAndSlider Started ----
12:44:47.942 [main] INFO  - ---- TestCase_26_LoanTenureCalculator_ValidatingFeesAndChargesTextBoxAndSlider Ended ----
12:44:48.122 [main] INFO  - ---- TestCase_27_LoanTenureCalculator_ScaleChangeForFeesAndChargesTextBoxAndSlider Started ----
12:44:49.143 [main] INFO  - ---- TestCase_27_LoanTenureCalculator_ScaleChangeForFeesAndChargesTextBoxAndSlider Ended ----
11:32:14.441 [main] INFO  - -----TestCase_04_EMICalculator_ValidatingLoanAmountTextBoxAndSlider  started.------
11:32:14.593 [main] INFO  - TestCase_04_EMICalculator_ValidatingLoanAmountTextBoxAndSlider ended.
11:32:14.765 [main] INFO  - TestCase_05_EMICalculator_ScaleChangeForLoanAmountTextBoxAndSlider started.
11:32:15.853 [main] INFO  - TestCase_05_EMICalculator_ScaleChangeForLoanAmountTextBoxAndSlider started.
11:32:16.070 [main] INFO  - TestCase_06_EMICalculator_ValidatingInterestRateTextBoxAndSlider started.
11:32:16.241 [main] INFO  - TestCase_06_EMICalculator_ValidatingInterestRateTextBoxAndSlider ended.
11:32:16.442 [main] INFO  - TestCase_07_EMICalculator_ScaleChangeForInterestRateTextBoxAndSlider started
11:32:17.438 [main] INFO  - TestCase_07_EMICalculator_ScaleChangeForInterestRateTextBoxAndSlider ended
11:32:17.669 [main] INFO  - TestCase_08_EMICalculator_ValidatingLoanTenureTextBoxAndSlider started.
11:32:17.920 [main] INFO  - TestCase_08_EMICalculator_ValidatingLoanTenureTextBoxAndSlider ended.
11:32:18.124 [main] INFO  - TestCase_09_EMICalculator_ScaleChangeForLoanTenureTextBoxAndSlider started
11:32:19.088 [main] INFO  - TestCase_09_EMICalculator_ScaleChangeForLoanTenureTextBoxAndSlider ended
11:32:19.273 [main] INFO  - TestCase_10_EMICalculator_ValidatingFeesAndChargesTextBoxAndSlider started.
11:32:19.382 [main] INFO  - TestCase_10_EMICalculator_ValidatingFeesAndChargesTextBoxAndSlider ended.
11:32:19.543 [main] INFO  - TestCase_11_EMICalculator_ScaleChangeForFeesAndChargesTextBoxAndSlider started
11:32:20.523 [main] INFO  - TestCase_11_EMICalculator_ScaleChangeForFeesAndChargesTextBoxAndSlider ended
11:32:20.691 [main] INFO  - TestCase_12_EMICalculator_ValidationForYearAndMonthOption started.
11:32:20.829 [main] INFO  - TestCase_12_EMICalculator_ValidationForYearAndMonthOption ended.
11:32:28.608 [main] INFO  - -----TestCase_04_EMICalculator_ValidatingLoanAmountTextBoxAndSlider  started.------
11:32:28.773 [main] INFO  - TestCase_04_EMICalculator_ValidatingLoanAmountTextBoxAndSlider ended.
11:32:28.966 [main] INFO  - TestCase_05_EMICalculator_ScaleChangeForLoanAmountTextBoxAndSlider started.
11:32:30.007 [main] INFO  - TestCase_05_EMICalculator_ScaleChangeForLoanAmountTextBoxAndSlider started.
11:32:30.243 [main] INFO  - TestCase_06_EMICalculator_ValidatingInterestRateTextBoxAndSlider started.
11:32:30.386 [main] INFO  - TestCase_06_EMICalculator_ValidatingInterestRateTextBoxAndSlider ended.
11:32:30.629 [main] INFO  - TestCase_07_EMICalculator_ScaleChangeForInterestRateTextBoxAndSlider started
11:32:31.637 [main] INFO  - TestCase_07_EMICalculator_ScaleChangeForInterestRateTextBoxAndSlider ended
11:32:31.897 [main] INFO  - TestCase_08_EMICalculator_ValidatingLoanTenureTextBoxAndSlider started.
11:32:32.110 [main] INFO  - TestCase_08_EMICalculator_ValidatingLoanTenureTextBoxAndSlider ended.
11:32:32.303 [main] INFO  - TestCase_09_EMICalculator_ScaleChangeForLoanTenureTextBoxAndSlider started
11:32:33.290 [main] INFO  - TestCase_09_EMICalculator_ScaleChangeForLoanTenureTextBoxAndSlider ended
11:32:33.459 [main] INFO  - TestCase_10_EMICalculator_ValidatingFeesAndChargesTextBoxAndSlider started.
11:32:33.548 [main] INFO  - TestCase_10_EMICalculator_ValidatingFeesAndChargesTextBoxAndSlider ended.
11:32:33.724 [main] INFO  - TestCase_11_EMICalculator_ScaleChangeForFeesAndChargesTextBoxAndSlider started
11:32:34.703 [main] INFO  - TestCase_11_EMICalculator_ScaleChangeForFeesAndChargesTextBoxAndSlider ended
11:32:34.881 [main] INFO  - TestCase_12_EMICalculator_ValidationForYearAndMonthOption started.
11:32:35.016 [main] INFO  - TestCase_12_EMICalculator_ValidationForYearAndMonthOption ended.
11:32:43.097 [main] INFO  - ---- TestCase_13_LoanAmtCalculator_ValidatingEMITextBoxAndSlider Started ----
11:32:43.176 [main] INFO  - ---- TestCase_13_LoanAmtCalculator_ValidatingEMITextBoxAndSlider Ended ----
11:32:43.351 [main] INFO  - ---- TestCase_14_LoanAmtCalculator_ValidatingInterestRateTextBoxAndSlider Started ----
11:32:43.431 [main] INFO  - ---- TestCase_14_LoanAmtCalculator_ValidatingInterestRateTextBoxAndSlider Ended ----
11:32:43.598 [main] INFO  - ---- TestCase_15_LoanAmtCalculator_ScaleChangeForInterestRateTextBoxAndSlider Started ----
11:32:44.510 [main] INFO  - ---- TestCase_15_LoanAmtCalculator_ScaleChangeForInterestRateTextBoxAndSlider Ended ----
11:32:44.682 [main] INFO  - ---- TestCase_16_LoanAmtCalculator_ValidatingLoanTenureTextBoxAndSlider Started ----
11:32:44.762 [main] INFO  - ---- TestCase_16_LoanAmtCalculator_ValidatingLoanTenureTextBoxAndSlider Ended ----
11:32:44.978 [main] INFO  - ---- TestCase_17_LoanAmtCalculator_ScaleChangeForLoanTenureTextBoxAndSlider Started ----
11:32:46.043 [main] INFO  - ---- TestCase_17_LoanAmtCalculator_ScaleChangeForLoanTenureTextBoxAndSlider Ended ----
11:32:46.246 [main] INFO  - ---- TestCase_18_LoanAmtCalculator_ValidatingFeesAndChargesTextBoxAndSlider Started ----
11:32:46.395 [main] INFO  - ---- TestCase_18_LoanAmtCalculator_ValidatingFeesAndChargesTextBoxAndSlider Ended ----
11:32:46.573 [main] INFO  - ---- TestCase_19_LoanAmtCalculator_ValidationForYearAndMonthOption Started ----
11:32:46.663 [main] INFO  - ---- TestCase_19_LoanAmtCalculator_ValidationForYearAndMonthOption Ended ----
11:32:46.909 [main] INFO  - ---- TestCase_20_LoanAmtCalculator_ScaleChangeForFeesAndChargesTextBoxAndSlider Started ----
11:32:48.031 [main] INFO  - ---- TestCase_20_LoanAmtCalculator_ScaleChangeForFeesAndChargesTextBoxAndSlider Ended ----
11:32:55.762 [main] INFO  - ---- TestCase_21_LoanTenureCalculator_ValidatingLoanAmountTextBoxAndSlider Started ----
11:32:55.837 [main] INFO  - ---- TestCase_21_LoanTenureCalculator_ValidatingLoanAmountTextBoxAndSlider Ended ----
11:32:56.005 [main] INFO  - ---- TestCase_22_LoanTenureCalculator_ScaleChangeForLoanAmountTextBoxAndSlider Started ----
11:32:56.951 [main] INFO  - ---- TestCase_22_LoanTenureCalculator_ScaleChangeForLoanAmountTextBoxAndSlider Ended ----
11:32:57.133 [main] INFO  - ---- TestCase_23_LoanTenureCalculator_ValidatingEMITextBoxAndSlider Started ----
11:32:57.243 [main] INFO  - ---- TestCase_23_LoanTenureCalculator_ValidatingEMITextBoxAndSlider Ended ----
11:32:57.458 [main] INFO  - ---- TestCase_24_LoanTenureCalculator_ValidatingInterestRateTextBoxAndSlider Started ----
11:32:57.593 [main] INFO  - ---- TestCase_24_LoanTenureCalculator_ValidatingInterestRateTextBoxAndSlider Ended ----
11:32:57.825 [main] INFO  - ---- TestCase_25_LoanTenureCalculator_ScaleChangeForInterestRateTextBoxAndSlider Started ----
11:32:58.947 [main] INFO  - ---- TestCase_25_LoanTenureCalculator_ScaleChangeForInterestRateTextBoxAndSlider Ended ----
11:32:59.201 [main] INFO  - ---- TestCase_26_LoanTenureCalculator_ValidatingFeesAndChargesTextBoxAndSlider Started ----
11:32:59.333 [main] INFO  - ---- TestCase_26_LoanTenureCalculator_ValidatingFeesAndChargesTextBoxAndSlider Ended ----
11:32:59.530 [main] INFO  - ---- TestCase_27_LoanTenureCalculator_ScaleChangeForFeesAndChargesTextBoxAndSlider Started ----
11:33:00.509 [main] INFO  - ---- TestCase_27_LoanTenureCalculator_ScaleChangeForFeesAndChargesTextBoxAndSlider Ended ----
11:33:07.132 [main] INFO  - ---- TestCase_01_EnteringRequiredValuesInHomePage Started ----
11:33:16.610 [main] INFO  - ---- TestCase_03_StoringTheYearTableInExcel Started ----
11:33:25.030 [main] INFO  - ---- TestCase_03_StoringTheYearTableInExcel Ended ----
11:41:55.701 [main] INFO  - -----TestCase_04_EMICalculator_ValidatingLoanAmountTextBoxAndSlider  started.------
11:41:55.858 [main] INFO  - TestCase_04_EMICalculator_ValidatingLoanAmountTextBoxAndSlider ended.
11:41:56.048 [main] INFO  - TestCase_05_EMICalculator_ScaleChangeForLoanAmountTextBoxAndSlider started.
11:41:57.082 [main] INFO  - TestCase_05_EMICalculator_ScaleChangeForLoanAmountTextBoxAndSlider started.
11:41:57.321 [main] INFO  - TestCase_06_EMICalculator_ValidatingInterestRateTextBoxAndSlider started.
11:41:57.470 [main] INFO  - TestCase_06_EMICalculator_ValidatingInterestRateTextBoxAndSlider ended.
11:41:57.757 [main] INFO  - TestCase_07_EMICalculator_ScaleChangeForInterestRateTextBoxAndSlider started
11:41:58.740 [main] INFO  - TestCase_07_EMICalculator_ScaleChangeForInterestRateTextBoxAndSlider ended
11:41:58.933 [main] INFO  - TestCase_08_EMICalculator_ValidatingLoanTenureTextBoxAndSlider started.
11:41:59.066 [main] INFO  - TestCase_08_EMICalculator_ValidatingLoanTenureTextBoxAndSlider ended.
11:41:59.248 [main] INFO  - TestCase_09_EMICalculator_ScaleChangeForLoanTenureTextBoxAndSlider started
11:42:00.189 [main] INFO  - TestCase_09_EMICalculator_ScaleChangeForLoanTenureTextBoxAndSlider ended
11:42:00.387 [main] INFO  - TestCase_10_EMICalculator_ValidatingFeesAndChargesTextBoxAndSlider started.
11:42:00.516 [main] INFO  - TestCase_10_EMICalculator_ValidatingFeesAndChargesTextBoxAndSlider ended.
11:42:00.683 [main] INFO  - TestCase_11_EMICalculator_ScaleChangeForFeesAndChargesTextBoxAndSlider started
11:42:01.690 [main] INFO  - TestCase_11_EMICalculator_ScaleChangeForFeesAndChargesTextBoxAndSlider ended
11:42:01.874 [main] INFO  - TestCase_12_EMICalculator_ValidationForYearAndMonthOption started.
11:42:02.057 [main] INFO  - TestCase_12_EMICalculator_ValidationForYearAndMonthOption ended.
11:42:10.640 [main] INFO  - -----TestCase_04_EMICalculator_ValidatingLoanAmountTextBoxAndSlider  started.------
11:42:10.815 [main] INFO  - TestCase_04_EMICalculator_ValidatingLoanAmountTextBoxAndSlider ended.
11:42:10.987 [main] INFO  - TestCase_05_EMICalculator_ScaleChangeForLoanAmountTextBoxAndSlider started.
11:42:11.981 [main] INFO  - TestCase_05_EMICalculator_ScaleChangeForLoanAmountTextBoxAndSlider started.
11:42:12.195 [main] INFO  - TestCase_06_EMICalculator_ValidatingInterestRateTextBoxAndSlider started.
11:42:12.341 [main] INFO  - TestCase_06_EMICalculator_ValidatingInterestRateTextBoxAndSlider ended.
11:42:12.592 [main] INFO  - TestCase_07_EMICalculator_ScaleChangeForInterestRateTextBoxAndSlider started
11:42:13.667 [main] INFO  - TestCase_07_EMICalculator_ScaleChangeForInterestRateTextBoxAndSlider ended
11:42:13.916 [main] INFO  - TestCase_08_EMICalculator_ValidatingLoanTenureTextBoxAndSlider started.
11:42:14.196 [main] INFO  - TestCase_08_EMICalculator_ValidatingLoanTenureTextBoxAndSlider ended.
11:42:14.383 [main] INFO  - TestCase_09_EMICalculator_ScaleChangeForLoanTenureTextBoxAndSlider started
11:42:15.337 [main] INFO  - TestCase_09_EMICalculator_ScaleChangeForLoanTenureTextBoxAndSlider ended
11:42:15.569 [main] INFO  - TestCase_10_EMICalculator_ValidatingFeesAndChargesTextBoxAndSlider started.
11:42:15.685 [main] INFO  - TestCase_10_EMICalculator_ValidatingFeesAndChargesTextBoxAndSlider ended.
11:42:15.857 [main] INFO  - TestCase_11_EMICalculator_ScaleChangeForFeesAndChargesTextBoxAndSlider started
11:42:16.837 [main] INFO  - TestCase_11_EMICalculator_ScaleChangeForFeesAndChargesTextBoxAndSlider ended
11:42:17.022 [main] INFO  - TestCase_12_EMICalculator_ValidationForYearAndMonthOption started.
11:42:17.185 [main] INFO  - TestCase_12_EMICalculator_ValidationForYearAndMonthOption ended.
11:42:25.467 [main] INFO  - ---- TestCase_13_LoanAmtCalculator_ValidatingEMITextBoxAndSlider Started ----
11:42:25.556 [main] INFO  - ---- TestCase_13_LoanAmtCalculator_ValidatingEMITextBoxAndSlider Ended ----
11:42:25.737 [main] INFO  - ---- TestCase_14_LoanAmtCalculator_ValidatingInterestRateTextBoxAndSlider Started ----
11:42:25.837 [main] INFO  - ---- TestCase_14_LoanAmtCalculator_ValidatingInterestRateTextBoxAndSlider Ended ----
11:42:26.000 [main] INFO  - ---- TestCase_15_LoanAmtCalculator_ScaleChangeForInterestRateTextBoxAndSlider Started ----
11:42:27.039 [main] INFO  - ---- TestCase_15_LoanAmtCalculator_ScaleChangeForInterestRateTextBoxAndSlider Ended ----
11:42:27.316 [main] INFO  - ---- TestCase_16_LoanAmtCalculator_ValidatingLoanTenureTextBoxAndSlider Started ----
11:42:27.456 [main] INFO  - ---- TestCase_16_LoanAmtCalculator_ValidatingLoanTenureTextBoxAndSlider Ended ----
11:42:27.682 [main] INFO  - ---- TestCase_17_LoanAmtCalculator_ScaleChangeForLoanTenureTextBoxAndSlider Started ----
11:42:28.751 [main] INFO  - ---- TestCase_17_LoanAmtCalculator_ScaleChangeForLoanTenureTextBoxAndSlider Ended ----
11:42:28.969 [main] INFO  - ---- TestCase_18_LoanAmtCalculator_ValidatingFeesAndChargesTextBoxAndSlider Started ----
11:42:29.166 [main] INFO  - ---- TestCase_18_LoanAmtCalculator_ValidatingFeesAndChargesTextBoxAndSlider Ended ----
11:42:29.376 [main] INFO  - ---- TestCase_19_LoanAmtCalculator_ValidationForYearAndMonthOption Started ----
11:42:29.476 [main] INFO  - ---- TestCase_19_LoanAmtCalculator_ValidationForYearAndMonthOption Ended ----
11:42:29.702 [main] INFO  - ---- TestCase_20_LoanAmtCalculator_ScaleChangeForFeesAndChargesTextBoxAndSlider Started ----
11:42:30.927 [main] INFO  - ---- TestCase_20_LoanAmtCalculator_ScaleChangeForFeesAndChargesTextBoxAndSlider Ended ----
11:42:39.456 [main] INFO  - ---- TestCase_21_LoanTenureCalculator_ValidatingLoanAmountTextBoxAndSlider Started ----
11:42:39.552 [main] INFO  - ---- TestCase_21_LoanTenureCalculator_ValidatingLoanAmountTextBoxAndSlider Ended ----
11:42:39.708 [main] INFO  - ---- TestCase_22_LoanTenureCalculator_ScaleChangeForLoanAmountTextBoxAndSlider Started ----
11:42:40.673 [main] INFO  - ---- TestCase_22_LoanTenureCalculator_ScaleChangeForLoanAmountTextBoxAndSlider Ended ----
11:42:40.904 [main] INFO  - ---- TestCase_23_LoanTenureCalculator_ValidatingEMITextBoxAndSlider Started ----
11:42:41.081 [main] INFO  - ---- TestCase_23_LoanTenureCalculator_ValidatingEMITextBoxAndSlider Ended ----
11:42:41.316 [main] INFO  - ---- TestCase_24_LoanTenureCalculator_ValidatingInterestRateTextBoxAndSlider Started ----
11:42:41.518 [main] INFO  - ---- TestCase_24_LoanTenureCalculator_ValidatingInterestRateTextBoxAndSlider Ended ----
11:42:41.770 [main] INFO  - ---- TestCase_25_LoanTenureCalculator_ScaleChangeForInterestRateTextBoxAndSlider Started ----
11:42:42.846 [main] INFO  - ---- TestCase_25_LoanTenureCalculator_ScaleChangeForInterestRateTextBoxAndSlider Ended ----
11:42:42.994 [main] INFO  - ---- TestCase_26_LoanTenureCalculator_ValidatingFeesAndChargesTextBoxAndSlider Started ----
11:42:43.091 [main] INFO  - ---- TestCase_26_LoanTenureCalculator_ValidatingFeesAndChargesTextBoxAndSlider Ended ----
11:42:43.253 [main] INFO  - ---- TestCase_27_LoanTenureCalculator_ScaleChangeForFeesAndChargesTextBoxAndSlider Started ----
11:42:44.254 [main] INFO  - ---- TestCase_27_LoanTenureCalculator_ScaleChangeForFeesAndChargesTextBoxAndSlider Ended ----
11:42:51.714 [main] INFO  - ---- TestCase_01_EnteringRequiredValuesInHomePage Started ----
11:42:53.813 [main] INFO  - ---- TestCase_01_EnteringRequiredValuesInHomePage Ended ----
11:42:54.073 [main] INFO  - ---- TestCase_02_DisplayingTheEMIPaymentTable Started ----
11:42:56.057 [main] INFO  - ---- TestCase_02_DisplayingTheEMIPaymentTable Ended ----
11:43:03.865 [main] INFO  - ---- TestCase_03_StoringTheYearTableInExcel Started ----
11:43:11.450 [main] INFO  - ---- TestCase_03_StoringTheYearTableInExcel Ended ----
